<?xml version="1.0" encoding="UTF-8"?>
<testng-results skipped="0" failed="0" total="1" passed="1">
  <reporter-output>
  </reporter-output>
  <suite name="Default suite" duration-ms="28942" started-at="2020-07-02T05:02:18Z" finished-at="2020-07-02T05:02:47Z">
    <groups>
      <group name="cucumber">
        <method signature="AbstractTestNGCucumberTests.feature(cucumber.api.testng.CucumberFeatureWrapper)[pri:0, instance:runners.TestRunner@3901d134]" name="feature" class="cucumber.api.testng.AbstractTestNGCucumberTests"/>
      </group> <!-- cucumber -->
    </groups>
    <test name="Default test" duration-ms="28942" started-at="2020-07-02T05:02:18Z" finished-at="2020-07-02T05:02:47Z">
      <class name="runners.TestRunner">
        <test-method status="PASS" signature="setUpClass()[pri:0, instance:runners.TestRunner@3901d134]" name="setUpClass" is-config="true" duration-ms="171" started-at="2020-07-02T15:02:18Z" finished-at="2020-07-02T15:02:18Z">
          <reporter-output>
          </reporter-output>
        </test-method> <!-- setUpClass -->
        <test-method status="PASS" signature="feature(cucumber.api.testng.CucumberFeatureWrapper)[pri:0, instance:runners.TestRunner@3901d134]" name="feature" duration-ms="28455" started-at="2020-07-02T15:02:18Z" description="Runs Cucumber Feature" data-provider="features" finished-at="2020-07-02T15:02:47Z">
          <params>
            <param index="0">
              <value>
                <![CDATA[Web UI Tests for PwC Website]]>
              </value>
            </param>
          </params>
          <reporter-output>
          </reporter-output>
        </test-method> <!-- feature -->
        <test-method status="PASS" signature="writeExtentReport()[pri:0, instance:runners.TestRunner@3901d134]" name="writeExtentReport" is-config="true" duration-ms="18" started-at="2020-07-02T15:02:47Z" finished-at="2020-07-02T15:02:47Z">
          <reporter-output>
          </reporter-output>
        </test-method> <!-- writeExtentReport -->
        <test-method status="PASS" signature="tearDownClass()[pri:0, instance:runners.TestRunner@3901d134]" name="tearDownClass" is-config="true" duration-ms="229" started-at="2020-07-02T15:02:47Z" finished-at="2020-07-02T15:02:47Z">
          <reporter-output>
          </reporter-output>
        </test-method> <!-- tearDownClass -->
      </class> <!-- runners.TestRunner -->
    </test> <!-- Default test -->
  </suite> <!-- Default suite -->
</testng-results>
